<?xml version="1.0" encoding="UTF-8"?>
<robot generator="Robot 4.1.1 (Python 3.9.7 on win32)" generated="20210924 00:41:41.201" rpa="false" schemaversion="2">
<suite id="s1" name="API" source="C:\Users\user\CodeTest\Automation\ROBOT_TESTS\API.robot">
<kw name="Log To Console" library="BuiltIn" type="SETUP">
<arg>Started testing</arg>
<doc>Logs the given message to the console.</doc>
<status status="PASS" starttime="20210924 00:41:42.997" endtime="20210924 00:41:43.012"/>
</kw>
<test id="s1-t1" name="GET Receive personall data about exact user - success">
<kw name="Receive data exact user" library="API_Common">
<kw name="Get Info About Exact User Payload" library="API_Requests">
<var>${user_data}</var>
<msg timestamp="20210924 00:41:43.015" level="INFO">${user_data} = [{'firstname': 'Alex', 'lastname': 'Thompson', 'phone': '(+358) 617627799'}]</msg>
<status status="PASS" starttime="20210924 00:41:43.014" endtime="20210924 00:41:43.015"/>
</kw>
<kw name="Get Info About Exact User Status" library="API_Requests">
<var>${status_eu}</var>
<msg timestamp="20210924 00:41:43.015" level="INFO">${status_eu} = SUCCESS</msg>
<status status="PASS" starttime="20210924 00:41:43.015" endtime="20210924 00:41:43.015"/>
</kw>
<kw name="Should Be Equal As Strings" library="BuiltIn">
<arg>${status_eu}</arg>
<arg>${result_success}</arg>
<doc>Fails if objects are unequal after converting them to strings.</doc>
<status status="PASS" starttime="20210924 00:41:43.015" endtime="20210924 00:41:43.017"/>
</kw>
<status status="PASS" starttime="20210924 00:41:43.013" endtime="20210924 00:41:43.018"/>
</kw>
<status status="PASS" starttime="20210924 00:41:43.012" endtime="20210924 00:41:43.018"/>
</test>
<test id="s1-t2" name="GET Receive the token - success">
<kw name="Receive Token Success" library="API_Common">
<kw name="Rettrive Token Status" library="API_Requests">
<var>${status_ts}</var>
<msg timestamp="20210924 00:41:43.023" level="INFO">${status_ts} = SUCCESS</msg>
<status status="PASS" starttime="20210924 00:41:43.022" endtime="20210924 00:41:43.024"/>
</kw>
<kw name="Should Be Equal As Strings" library="BuiltIn">
<arg>${status_ts}</arg>
<arg>${result_success}</arg>
<doc>Fails if objects are unequal after converting them to strings.</doc>
<status status="PASS" starttime="20210924 00:41:43.024" endtime="20210924 00:41:43.026"/>
</kw>
<kw name="Rettrive Token Message" library="API_Requests">
<var>${message_ts}</var>
<msg timestamp="20210924 00:41:43.027" level="INFO">${message_ts} = False</msg>
<status status="PASS" starttime="20210924 00:41:43.026" endtime="20210924 00:41:43.027"/>
</kw>
<kw name="Should Be Equal As Strings" library="BuiltIn">
<arg>${message_ts}</arg>
<arg>${string_false}</arg>
<doc>Fails if objects are unequal after converting them to strings.</doc>
<status status="PASS" starttime="20210924 00:41:43.027" endtime="20210924 00:41:43.027"/>
</kw>
<status status="PASS" starttime="20210924 00:41:43.021" endtime="20210924 00:41:43.027"/>
</kw>
<status status="PASS" starttime="20210924 00:41:43.020" endtime="20210924 00:41:43.028"/>
</test>
<test id="s1-t3" name="GET Receive the token - failure">
<kw name="Receive Token Failure" library="API_Common">
<kw name="Retrieve Token Neg Status" library="API_Requests">
<var>${status_tf}</var>
<msg timestamp="20210924 00:41:43.033" level="INFO">${status_tf} = FAILURE</msg>
<status status="PASS" starttime="20210924 00:41:43.032" endtime="20210924 00:41:43.033"/>
</kw>
<kw name="Should Be Equal As Strings" library="BuiltIn">
<arg>${status_tf}</arg>
<arg>${result_failed}</arg>
<doc>Fails if objects are unequal after converting them to strings.</doc>
<status status="PASS" starttime="20210924 00:41:43.034" endtime="20210924 00:41:43.035"/>
</kw>
<kw name="Retrieve Token Neg Message" library="API_Requests">
<var>${message_tf}</var>
<msg timestamp="20210924 00:41:43.035" level="INFO">${message_tf} = Invalid User</msg>
<status status="PASS" starttime="20210924 00:41:43.035" endtime="20210924 00:41:43.035"/>
</kw>
<kw name="Should Be Equal As Strings" library="BuiltIn">
<arg>${message_tf}</arg>
<arg>${invalid_user}</arg>
<doc>Fails if objects are unequal after converting them to strings.</doc>
<status status="PASS" starttime="20210924 00:41:43.036" endtime="20210924 00:41:43.037"/>
</kw>
<status status="PASS" starttime="20210924 00:41:43.032" endtime="20210924 00:41:43.038"/>
</kw>
<status status="PASS" starttime="20210924 00:41:43.030" endtime="20210924 00:41:43.038"/>
</test>
<test id="s1-t4" name="GET Receive all registered users username - valid token">
<kw name="Receive users Success" library="API_Common">
<kw name="Get Users Info" library="API_Requests">
<status status="PASS" starttime="20210924 00:41:43.044" endtime="20210924 00:41:43.056"/>
</kw>
<kw name="Get Users Info Status" library="API_Requests">
<var>${status_gui}</var>
<msg timestamp="20210924 00:41:43.058" level="INFO">${status_gui} = SUCCESS</msg>
<status status="PASS" starttime="20210924 00:41:43.056" endtime="20210924 00:41:43.058"/>
</kw>
<kw name="Should Be Equal As Strings" library="BuiltIn">
<arg>${status_gui}</arg>
<arg>${result_success}</arg>
<doc>Fails if objects are unequal after converting them to strings.</doc>
<status status="PASS" starttime="20210924 00:41:43.058" endtime="20210924 00:41:43.060"/>
</kw>
<kw name="Get Users Info Usernames" library="API_Requests">
<var>${usernames_gui}</var>
<msg timestamp="20210924 00:41:43.062" level="INFO">${usernames_gui} = ['FQnBDZ502', 'QOxxyB277', 'QkATBy376', 'aBvjsE027', 'icAGNN320', 'kCiEBc512', 'xmVzng494']</msg>
<status status="PASS" starttime="20210924 00:41:43.060" endtime="20210924 00:41:43.062"/>
</kw>
<kw name="Collect Registered Users Xlsx" library="PrepareData">
<var>${usernames_xlsx}</var>
<msg timestamp="20210924 00:41:43.063" level="INFO">${usernames_xlsx} = ['FQnBDZ502', 'kCiEBc512', 'QkATBy376', 'icAGNN320', 'xmVzng494', 'QOxxyB277', 'aBvjsE027']</msg>
<status status="PASS" starttime="20210924 00:41:43.062" endtime="20210924 00:41:43.063"/>
</kw>
<kw name="Chceck Users Count Correct" library="API_Requests">
<var>${data_correct}</var>
<msg timestamp="20210924 00:41:43.063" level="INFO">['FQnBDZ502', 'kCiEBc512', 'QkATBy376', 'icAGNN320', 'xmVzng494', 'QOxxyB277', 'aBvjsE027']
['FQnBDZ502', 'QOxxyB277', 'QkATBy376', 'aBvjsE027', 'icAGNN320', 'kCiEBc512', 'xmVzng494']</msg>
<msg timestamp="20210924 00:41:43.064" level="INFO">${data_correct} = True</msg>
<status status="PASS" starttime="20210924 00:41:43.063" endtime="20210924 00:41:43.064"/>
</kw>
<kw name="Should Be Equal As Strings" library="BuiltIn">
<arg>${data_correct}</arg>
<arg>${string_true}</arg>
<doc>Fails if objects are unequal after converting them to strings.</doc>
<status status="PASS" starttime="20210924 00:41:43.064" endtime="20210924 00:41:43.064"/>
</kw>
<status status="PASS" starttime="20210924 00:41:43.042" endtime="20210924 00:41:43.065"/>
</kw>
<status status="PASS" starttime="20210924 00:41:43.040" endtime="20210924 00:41:43.065"/>
</test>
<test id="s1-t5" name="GET Receive all registered usernames - invalid token">
<kw name="Receive users Failure" library="API_Common">
<kw name="Get Users Status Invalid" library="API_Requests">
<var>${status_neg_gui}</var>
<msg timestamp="20210924 00:41:43.076" level="INFO">${status_neg_gui} = FAILURE</msg>
<status status="PASS" starttime="20210924 00:41:43.073" endtime="20210924 00:41:43.076"/>
</kw>
<kw name="Should Be Equal As Strings" library="BuiltIn">
<arg>${status_neg_gui}</arg>
<arg>${result_failed}</arg>
<doc>Fails if objects are unequal after converting them to strings.</doc>
<status status="PASS" starttime="20210924 00:41:43.077" endtime="20210924 00:41:43.078"/>
</kw>
<kw name="Get User Message Invalid" library="API_Requests">
<var>${message_neg_gui}</var>
<msg timestamp="20210924 00:41:43.078" level="INFO">${message_neg_gui} = Invalid Token</msg>
<status status="PASS" starttime="20210924 00:41:43.078" endtime="20210924 00:41:43.078"/>
</kw>
<kw name="Should Be Equal As Strings" library="BuiltIn">
<arg>${message_neg_gui}</arg>
<arg>${invalid_token}</arg>
<doc>Fails if objects are unequal after converting them to strings.</doc>
<status status="PASS" starttime="20210924 00:41:43.079" endtime="20210924 00:41:43.079"/>
</kw>
<status status="PASS" starttime="20210924 00:41:43.072" endtime="20210924 00:41:43.080"/>
</kw>
<status status="PASS" starttime="20210924 00:41:43.069" endtime="20210924 00:41:43.081"/>
</test>
<kw name="Log To Console" library="BuiltIn" type="TEARDOWN">
<arg>Finished testing</arg>
<doc>Logs the given message to the console.</doc>
<status status="PASS" starttime="20210924 00:41:43.088" endtime="20210924 00:41:43.090"/>
</kw>
<doc>Test Suite: Testing API with valid and invalid data</doc>
<status status="PASS" starttime="20210924 00:41:41.201" endtime="20210924 00:41:43.091"/>
</suite>
<statistics>
<total>
<stat pass="5" fail="0" skip="0">All Tests</stat>
</total>
<tag>
</tag>
<suite>
<stat pass="5" fail="0" skip="0" id="s1" name="API">API</stat>
</suite>
</statistics>
<errors>
</errors>
</robot>
