<?xml version="1.0" encoding="UTF-8"?>
<robot generator="Robot 4.1.1 (Python 3.9.7 on win32)" generated="20210924 00:01:53.787" rpa="false" schemaversion="2">
<suite id="s1" name="API" source="C:\Users\user\CodeTest\Automation\ROBOT_TESTS\API.robot">
<kw name="Log To Console" library="BuiltIn" type="SETUP">
<arg>Started testing</arg>
<doc>Logs the given message to the console.</doc>
<status status="PASS" starttime="20210924 00:01:55.558" endtime="20210924 00:01:55.559"/>
</kw>
<test id="s1-t1" name="GET Receive personall data about exact user - success">
<kw name="Receive data exact user" library="API_Common">
<kw name="Get Info About Exact User Payload" library="API_Requests">
<var>${user_data}</var>
<msg timestamp="20210924 00:01:55.562" level="INFO">${user_data} = [{'firstname': 'William', 'lastname': 'Watkins', 'phone': '+358 010879460'}]</msg>
<status status="PASS" starttime="20210924 00:01:55.562" endtime="20210924 00:01:55.562"/>
</kw>
<kw name="Get Info About Exact User Status" library="API_Requests">
<var>${status_eu}</var>
<msg timestamp="20210924 00:01:55.562" level="INFO">${status_eu} = SUCCESS</msg>
<status status="PASS" starttime="20210924 00:01:55.562" endtime="20210924 00:01:55.562"/>
</kw>
<kw name="Should Be Equal As Strings" library="BuiltIn">
<arg>${status_eu}</arg>
<arg>${result_success}</arg>
<doc>Fails if objects are unequal after converting them to strings.</doc>
<status status="PASS" starttime="20210924 00:01:55.563" endtime="20210924 00:01:55.563"/>
</kw>
<status status="PASS" starttime="20210924 00:01:55.561" endtime="20210924 00:01:55.563"/>
</kw>
<status status="PASS" starttime="20210924 00:01:55.560" endtime="20210924 00:01:55.564"/>
</test>
<test id="s1-t2" name="GET Receive the token - success">
<kw name="Receive Token Success" library="API_Common">
<kw name="Rettrive Token Status" library="API_Requests">
<var>${status_ts}</var>
<msg timestamp="20210924 00:01:55.573" level="INFO">${status_ts} = SUCCESS</msg>
<status status="PASS" starttime="20210924 00:01:55.572" endtime="20210924 00:01:55.573"/>
</kw>
<kw name="Should Be Equal As Strings" library="BuiltIn">
<arg>${status_ts}</arg>
<arg>${result_success}</arg>
<doc>Fails if objects are unequal after converting them to strings.</doc>
<status status="PASS" starttime="20210924 00:01:55.573" endtime="20210924 00:01:55.573"/>
</kw>
<kw name="Rettrive Token Message" library="API_Requests">
<var>${message_ts}</var>
<msg timestamp="20210924 00:01:55.574" level="INFO">${message_ts} = False</msg>
<status status="PASS" starttime="20210924 00:01:55.573" endtime="20210924 00:01:55.574"/>
</kw>
<kw name="Should Be Equal As Strings" library="BuiltIn">
<arg>${message_ts}</arg>
<arg>${string_false}</arg>
<doc>Fails if objects are unequal after converting them to strings.</doc>
<status status="PASS" starttime="20210924 00:01:55.574" endtime="20210924 00:01:55.577"/>
</kw>
<status status="PASS" starttime="20210924 00:01:55.572" endtime="20210924 00:01:55.577"/>
</kw>
<status status="PASS" starttime="20210924 00:01:55.571" endtime="20210924 00:01:55.578"/>
</test>
<test id="s1-t3" name="GET Receive the token - failure">
<kw name="Receive Token Failure" library="API_Common">
<kw name="Retrieve Token Neg Status" library="API_Requests">
<var>${status_tf}</var>
<msg timestamp="20210924 00:01:55.586" level="INFO">${status_tf} = FAILURE</msg>
<status status="PASS" starttime="20210924 00:01:55.584" endtime="20210924 00:01:55.586"/>
</kw>
<kw name="Should Be Equal As Strings" library="BuiltIn">
<arg>${status_tf}</arg>
<arg>${result_failed}</arg>
<doc>Fails if objects are unequal after converting them to strings.</doc>
<status status="PASS" starttime="20210924 00:01:55.587" endtime="20210924 00:01:55.587"/>
</kw>
<kw name="Retrieve Token Neg Message" library="API_Requests">
<var>${message_tf}</var>
<msg timestamp="20210924 00:01:55.588" level="INFO">${message_tf} = Invalid User</msg>
<status status="PASS" starttime="20210924 00:01:55.587" endtime="20210924 00:01:55.588"/>
</kw>
<kw name="Should Be Equal As Strings" library="BuiltIn">
<arg>${message_tf}</arg>
<arg>${invalid_user}</arg>
<doc>Fails if objects are unequal after converting them to strings.</doc>
<status status="PASS" starttime="20210924 00:01:55.588" endtime="20210924 00:01:55.588"/>
</kw>
<status status="PASS" starttime="20210924 00:01:55.582" endtime="20210924 00:01:55.588"/>
</kw>
<status status="PASS" starttime="20210924 00:01:55.581" endtime="20210924 00:01:55.589"/>
</test>
<test id="s1-t4" name="GET Receive all registered users username - valid token">
<kw name="Receive users Success" library="API_Common">
<kw name="Get Users Info" library="API_Requests">
<status status="PASS" starttime="20210924 00:01:55.595" endtime="20210924 00:01:55.609"/>
</kw>
<kw name="Get Users Info Status" library="API_Requests">
<var>${status_gui}</var>
<msg timestamp="20210924 00:01:55.610" level="INFO">${status_gui} = SUCCESS</msg>
<status status="PASS" starttime="20210924 00:01:55.610" endtime="20210924 00:01:55.610"/>
</kw>
<kw name="Should Be Equal As Strings" library="BuiltIn">
<arg>${status_gui}</arg>
<arg>${result_success}</arg>
<doc>Fails if objects are unequal after converting them to strings.</doc>
<status status="PASS" starttime="20210924 00:01:55.610" endtime="20210924 00:01:55.611"/>
</kw>
<kw name="Get Users Info Usernames" library="API_Requests">
<var>${usernames_gui}</var>
<msg timestamp="20210924 00:01:55.611" level="INFO">${usernames_gui} = ['FQnBDZ502', 'QOxxyB277', 'QkATBy376', 'aBvjsE027', 'icAGNN320', 'kCiEBc512', 'xmVzng494']</msg>
<status status="PASS" starttime="20210924 00:01:55.611" endtime="20210924 00:01:55.611"/>
</kw>
<kw name="Collect Registered Users Xlsx" library="PrepareData">
<var>${usernames_xlsx}</var>
<msg timestamp="20210924 00:01:55.612" level="INFO">${usernames_xlsx} = ['FQnBDZ502', 'kCiEBc512', 'QkATBy376', 'icAGNN320', 'xmVzng494', 'QOxxyB277', 'aBvjsE027']</msg>
<status status="PASS" starttime="20210924 00:01:55.612" endtime="20210924 00:01:55.612"/>
</kw>
<kw name="Chceck Users Count Correct" library="API_Requests">
<var>${data_correct}</var>
<msg timestamp="20210924 00:01:55.613" level="INFO">['FQnBDZ502', 'kCiEBc512', 'QkATBy376', 'icAGNN320', 'xmVzng494', 'QOxxyB277', 'aBvjsE027']
['FQnBDZ502', 'QOxxyB277', 'QkATBy376', 'aBvjsE027', 'icAGNN320', 'kCiEBc512', 'xmVzng494']</msg>
<msg timestamp="20210924 00:01:55.613" level="INFO">${data_correct} = True</msg>
<status status="PASS" starttime="20210924 00:01:55.612" endtime="20210924 00:01:55.613"/>
</kw>
<kw name="Should Be Equal As Strings" library="BuiltIn">
<arg>${data_correct}</arg>
<arg>${string_true}</arg>
<doc>Fails if objects are unequal after converting them to strings.</doc>
<status status="PASS" starttime="20210924 00:01:55.613" endtime="20210924 00:01:55.613"/>
</kw>
<status status="PASS" starttime="20210924 00:01:55.595" endtime="20210924 00:01:55.614"/>
</kw>
<status status="PASS" starttime="20210924 00:01:55.594" endtime="20210924 00:01:55.614"/>
</test>
<test id="s1-t5" name="GET Receive all registered usernames - invalid token">
<kw name="Receive users Failure" library="API_Common">
<kw name="Get Users Status Invalid" library="API_Requests">
<var>${status_neg_gui}</var>
<msg timestamp="20210924 00:01:55.620" level="INFO">${status_neg_gui} = FAILURE</msg>
<status status="PASS" starttime="20210924 00:01:55.619" endtime="20210924 00:01:55.621"/>
</kw>
<kw name="Should Be Equal As Strings" library="BuiltIn">
<arg>${status_neg_gui}</arg>
<arg>${result_failed}</arg>
<doc>Fails if objects are unequal after converting them to strings.</doc>
<status status="PASS" starttime="20210924 00:01:55.621" endtime="20210924 00:01:55.622"/>
</kw>
<kw name="Get User Message Invalid" library="API_Requests">
<var>${message_neg_gui}</var>
<msg timestamp="20210924 00:01:55.623" level="INFO">${message_neg_gui} = Invalid Token</msg>
<status status="PASS" starttime="20210924 00:01:55.622" endtime="20210924 00:01:55.623"/>
</kw>
<kw name="Should Be Equal As Strings" library="BuiltIn">
<arg>${message_neg_gui}</arg>
<arg>${invalid_token}</arg>
<doc>Fails if objects are unequal after converting them to strings.</doc>
<status status="PASS" starttime="20210924 00:01:55.623" endtime="20210924 00:01:55.624"/>
</kw>
<status status="PASS" starttime="20210924 00:01:55.618" endtime="20210924 00:01:55.626"/>
</kw>
<status status="PASS" starttime="20210924 00:01:55.616" endtime="20210924 00:01:55.628"/>
</test>
<kw name="Log To Console" library="BuiltIn" type="TEARDOWN">
<arg>Finished testing</arg>
<doc>Logs the given message to the console.</doc>
<status status="PASS" starttime="20210924 00:01:55.631" endtime="20210924 00:01:55.632"/>
</kw>
<doc>Test Suite: Testing API with valid and invalid data</doc>
<status status="PASS" starttime="20210924 00:01:53.790" endtime="20210924 00:01:55.633"/>
</suite>
<statistics>
<total>
<stat pass="5" fail="0" skip="0">All Tests</stat>
</total>
<tag>
</tag>
<suite>
<stat pass="5" fail="0" skip="0" id="s1" name="API">API</stat>
</suite>
</statistics>
<errors>
</errors>
</robot>
